2020-06-22 14:13:47,163 - E:/sjmm_automation/log/log.py[line:33] - DEBUG: debug
2020-06-22 14:13:47,163 - E:/sjmm_automation/log/log.py[line:34] - INFO: info
2020-06-22 14:13:47,163 - E:/sjmm_automation/log/log.py[line:35] - WARNING: 警告
2020-06-22 14:13:47,163 - E:/sjmm_automation/log/log.py[line:36] - ERROR: 报错
2020-06-22 14:13:47,163 - E:/sjmm_automation/log/log.py[line:37] - CRITICAL: 严重
2020-06-22 14:21:43,582 - E:/sjmm_automation/log/log.py[line:33] - DEBUG: debug
2020-06-22 14:21:43,582 - E:/sjmm_automation/log/log.py[line:34] - INFO: info
2020-06-22 14:21:43,582 - E:/sjmm_automation/log/log.py[line:35] - WARNING: 警告
2020-06-22 14:21:43,582 - E:/sjmm_automation/log/log.py[line:36] - ERROR: 报错
2020-06-22 14:21:43,583 - E:/sjmm_automation/log/log.py[line:37] - CRITICAL: 严重
2020-06-22 15:13:43,093 - E:/sjmm_automation/log/log.py[line:51] - DEBUG: debug
2020-06-22 15:13:43,093 - E:/sjmm_automation/log/log.py[line:52] - INFO: info
2020-06-22 15:13:43,093 - E:/sjmm_automation/log/log.py[line:53] - WARNING: 警告
2020-06-22 15:13:43,093 - E:/sjmm_automation/log/log.py[line:54] - ERROR: 报错
2020-06-22 15:13:43,093 - E:/sjmm_automation/log/log.py[line:55] - CRITICAL: 严重
2020-06-22 15:49:54,278 - E:/sjmm_automation/log/log.py[line:34] - DEBUG: debug
2020-06-22 15:49:54,278 - E:/sjmm_automation/log/log.py[line:35] - INFO: info
2020-06-22 15:49:54,278 - E:/sjmm_automation/log/log.py[line:36] - WARNING: 警告
2020-06-22 15:49:54,278 - E:/sjmm_automation/log/log.py[line:37] - ERROR: 报错
2020-06-22 15:49:54,278 - E:/sjmm_automation/log/log.py[line:38] - CRITICAL: 严重
2020-06-22 15:51:36,992 - E:/sjmm_automation/log/log.py[line:34] - DEBUG: debug
2020-06-22 15:51:36,993 - E:/sjmm_automation/log/log.py[line:35] - INFO: info
2020-06-22 15:51:36,993 - E:/sjmm_automation/log/log.py[line:36] - WARNING: 警告
2020-06-22 15:51:36,993 - E:/sjmm_automation/log/log.py[line:37] - ERROR: 报错
2020-06-22 15:51:36,993 - E:/sjmm_automation/log/log.py[line:38] - CRITICAL: 严重
2020-06-22 16:07:59,610 - E:/sjmm_automation/log/yy.py[line:7] - DEBUG: 打印成功
2020-06-22 16:15:24,728 - E:/sjmm_automation/app_pages/hh.py[line:9] - DEBUG: 打印成功
2020-06-22 16:15:24,729 - E:/sjmm_automation/app_pages/hh.py[line:16] - ERROR: error
2020-06-22 16:15:40,237 - E:/sjmm_automation/app_pages/hh.py[line:9] - DEBUG: 打印成功
2020-06-22 16:17:17,020 - E:/sjmm_automation/app_pages/hh.py[line:9] - DEBUG: 打印成功
2020-06-22 16:22:35,883 - E:/sjmm_automation/app_pages/hh.py[line:9] - DEBUG: 打印成功
2020-06-22 16:25:02,648 - E:/sjmm_automation/app_pages/hh.py[line:9] - ERROR: 打印成功
2020-06-22 16:27:23,465 - E:/sjmm_automation/app_pages/hh.py[line:9] - ERROR: 打印成功
2020-06-22 16:31:24,794 - E:/sjmm_automation/app_pages/hh.py[line:9] - ERROR: 打印成功
2020-06-22 16:36:33,258 - E:/sjmm_automation/app_pages/hh.py[line:9] - ERROR: 打印成功
2020-06-22 16:41:25,000 - E:/sjmm_automation/app_pages/hh.py[line:9] - ERROR: 打印成功
